# JRE version: 7.0_17-b02
# Java VM: Java HotSpot(TM) 64-Bit Server VM (23.7-b01 mixed mode windows-amd64 compressed oops)
Heap
 PSYoungGen      total 55936K, used 24586K [0x00000000eb400000, 0x00000000f1b20000, 0x0000000100000000)
  eden space 45248K, 30% used [0x00000000eb400000,0x00000000ec19ca58,0x00000000ee030000)
  from space 10688K, 99% used [0x00000000f10b0000,0x00000000f1b16018,0x00000000f1b20000)
  to   space 29120K, 0% used [0x00000000ee240000,0x00000000ee240000,0x00000000efeb0000)
 ParOldGen       total 108224K, used 55611K [0x00000000c1c00000, 0x00000000c85b0000, 0x00000000eb400000)
  object space 108224K, 51% used [0x00000000c1c00000,0x00000000c524ed90,0x00000000c85b0000)
 PSPermGen       total 21248K, used 9909K [0x00000000bca00000, 0x00000000bdec0000, 0x00000000c1c00000)
  object space 21248K, 46% used [0x00000000bca00000,0x00000000bd3ad748,0x00000000bdec0000)
GC Heap History (10 events):
Event: 1.533 GC heap before
{Heap before GC invocations=3 (full 0):
 PSYoungGen      total 18624K, used 18610K [0x00000000eb400000, 0x00000000ed860000, 0x0000000100000000)
  eden space 16000K, 100% used [0x00000000eb400000,0x00000000ec3a0000,0x00000000ec3a0000)
  from space 2624K, 99% used [0x00000000ec630000,0x00000000ec8bc9d8,0x00000000ec8c0000)
  to   space 2624K, 0% used [0x00000000ec3a0000,0x00000000ec3a0000,0x00000000ec630000)
 ParOldGen       total 42496K, used 9277K [0x00000000c1c00000, 0x00000000c4580000, 0x00000000eb400000)
  object space 42496K, 21% used [0x00000000c1c00000,0x00000000c250f550,0x00000000c4580000)
 PSPermGen       total 21248K, used 8709K [0x00000000bca00000, 0x00000000bdec0000, 0x00000000c1c00000)
  object space 21248K, 40% used [0x00000000bca00000,0x00000000bd281758,0x00000000bdec0000)
Event: 1.545 GC heap after
Heap after GC invocations=3 (full 0):
 PSYoungGen      total 18624K, used 2593K [0x00000000eb400000, 0x00000000ed860000, 0x0000000100000000)
  eden space 16000K, 0% used [0x00000000eb400000,0x00000000eb400000,0x00000000ec3a0000)
  from space 2624K, 98% used [0x00000000ec3a0000,0x00000000ec628758,0x00000000ec630000)
  to   space 2624K, 0% used [0x00000000ed5d0000,0x00000000ed5d0000,0x00000000ed860000)
 ParOldGen       total 42496K, used 16838K [0x00000000c1c00000, 0x00000000c4580000, 0x00000000eb400000)
  object space 42496K, 39% used [0x00000000c1c00000,0x00000000c2c71b38,0x00000000c4580000)
 PSPermGen       total 21248K, used 8709K [0x00000000bca00000, 0x00000000bdec0000, 0x00000000c1c00000)
  object space 21248K, 40% used [0x00000000bca00000,0x00000000bd281758,0x00000000bdec0000)
}
Event: 1.914 GC heap before
{Heap before GC invocations=4 (full 0):
 PSYoungGen      total 18624K, used 18593K [0x00000000eb400000, 0x00000000ed860000, 0x0000000100000000)
  eden space 16000K, 100% used [0x00000000eb400000,0x00000000ec3a0000,0x00000000ec3a0000)
  from space 2624K, 98% used [0x00000000ec3a0000,0x00000000ec628758,0x00000000ec630000)
  to   space 2624K, 0% used [0x00000000ed5d0000,0x00000000ed5d0000,0x00000000ed860000)
 ParOldGen       total 42496K, used 16838K [0x00000000c1c00000, 0x00000000c4580000, 0x00000000eb400000)
  object space 42496K, 39% used [0x00000000c1c00000,0x00000000c2c71b38,0x00000000c4580000)
 PSPermGen       total 21248K, used 8764K [0x00000000bca00000, 0x00000000bdec0000, 0x00000000c1c00000)
  object space 21248K, 41% used [0x00000000bca00000,0x00000000bd28f1b8,0x00000000bdec0000)
Event: 1.929 GC heap after
Heap after GC invocations=4 (full 0):
 PSYoungGen      total 34624K, used 2595K [0x00000000eb400000, 0x00000000ed860000, 0x0000000100000000)
  eden space 32000K, 0% used [0x00000000eb400000,0x00000000eb400000,0x00000000ed340000)
  from space 2624K, 98% used [0x00000000ed5d0000,0x00000000ed858fb8,0x00000000ed860000)
  to   space 2624K, 0% used [0x00000000ed340000,0x00000000ed340000,0x00000000ed5d0000)
 ParOldGen       total 42496K, used 26239K [0x00000000c1c00000, 0x00000000c4580000, 0x00000000eb400000)
  object space 42496K, 61% used [0x00000000c1c00000,0x00000000c359fc80,0x00000000c4580000)
 PSPermGen       total 21248K, used 8764K [0x00000000bca00000, 0x00000000bdec0000, 0x00000000c1c00000)
  object space 21248K, 41% used [0x00000000bca00000,0x00000000bd28f1b8,0x00000000bdec0000)
}
Event: 2.005 GC heap before
{Heap before GC invocations=5 (full 0):
 PSYoungGen      total 34624K, used 34425K [0x00000000eb400000, 0x00000000ed860000, 0x0000000100000000)
  eden space 32000K, 99% used [0x00000000eb400000,0x00000000ed315710,0x00000000ed340000)
  from space 2624K, 98% used [0x00000000ed5d0000,0x00000000ed858fb8,0x00000000ed860000)
  to   space 2624K, 0% used [0x00000000ed340000,0x00000000ed340000,0x00000000ed5d0000)
 ParOldGen       total 42496K, used 26239K [0x00000000c1c00000, 0x00000000c4580000, 0x00000000eb400000)
  object space 42496K, 61% used [0x00000000c1c00000,0x00000000c359fc80,0x00000000c4580000)
 PSPermGen       total 21248K, used 8764K [0x00000000bca00000, 0x00000000bdec0000, 0x00000000c1c00000)
  object space 21248K, 41% used [0x00000000bca00000,0x00000000bd28f1b8,0x00000000bdec0000)
Event: 2.041 GC heap after
Heap after GC invocations=5 (full 0):
 PSYoungGen      total 34624K, used 2595K [0x00000000eb400000, 0x00000000f2ee0000, 0x0000000100000000)
  eden space 32000K, 0% used [0x00000000eb400000,0x00000000eb400000,0x00000000ed340000)
  from space 2624K, 98% used [0x00000000ed340000,0x00000000ed5c8fb8,0x00000000ed5d0000)
  to   space 30912K, 0% used [0x00000000f10b0000,0x00000000f10b0000,0x00000000f2ee0000)
 ParOldGen       total 58240K, used 58096K [0x00000000c1c00000, 0x00000000c54e0000, 0x00000000eb400000)
  object space 58240K, 99% used [0x00000000c1c00000,0x00000000c54bc250,0x00000000c54e0000)
 PSPermGen       total 21248K, used 8764K [0x00000000bca00000, 0x00000000bdec0000, 0x00000000c1c00000)
  object space 21248K, 41% used [0x00000000bca00000,0x00000000bd28f1b8,0x00000000bdec0000)
}
Event: 2.041 GC heap before
{Heap before GC invocations=6 (full 1):
 PSYoungGen      total 34624K, used 2595K [0x00000000eb400000, 0x00000000f2ee0000, 0x0000000100000000)
  eden space 32000K, 0% used [0x00000000eb400000,0x00000000eb400000,0x00000000ed340000)
  from space 2624K, 98% used [0x00000000ed340000,0x00000000ed5c8fb8,0x00000000ed5d0000)
  to   space 30912K, 0% used [0x00000000f10b0000,0x00000000f10b0000,0x00000000f2ee0000)
 ParOldGen       total 58240K, used 58096K [0x00000000c1c00000, 0x00000000c54e0000, 0x00000000eb400000)
  object space 58240K, 99% used [0x00000000c1c00000,0x00000000c54bc250,0x00000000c54e0000)
 PSPermGen       total 21248K, used 8764K [0x00000000bca00000, 0x00000000bdec0000, 0x00000000c1c00000)
  object space 21248K, 41% used [0x00000000bca00000,0x00000000bd28f1b8,0x00000000bdec0000)
Event: 2.302 GC heap after
Heap after GC invocations=6 (full 1):
 PSYoungGen      total 34624K, used 0K [0x00000000eb400000, 0x00000000f2ee0000, 0x0000000100000000)
  eden space 32000K, 0% used [0x00000000eb400000,0x00000000eb400000,0x00000000ed340000)
  from space 2624K, 0% used [0x00000000ed340000,0x00000000ed340000,0x00000000ed5d0000)
  to   space 30912K, 0% used [0x00000000f10b0000,0x00000000f10b0000,0x00000000f2ee0000)
 ParOldGen       total 108224K, used 55611K [0x00000000c1c00000, 0x00000000c85b0000, 0x00000000eb400000)
  object space 108224K, 51% used [0x00000000c1c00000,0x00000000c524ed90,0x00000000c85b0000)
 PSPermGen       total 21248K, used 8761K [0x00000000bca00000, 0x00000000bdec0000, 0x00000000c1c00000)
  object space 21248K, 41% used [0x00000000bca00000,0x00000000bd28e778,0x00000000bdec0000)
}
Event: 4.571 GC heap before
{Heap before GC invocations=7 (full 1):
 PSYoungGen      total 34624K, used 32000K [0x00000000eb400000, 0x00000000f2ee0000, 0x0000000100000000)
  eden space 32000K, 100% used [0x00000000eb400000,0x00000000ed340000,0x00000000ed340000)
  from space 2624K, 0% used [0x00000000ed340000,0x00000000ed340000,0x00000000ed5d0000)
  to   space 30912K, 0% used [0x00000000f10b0000,0x00000000f10b0000,0x00000000f2ee0000)
 ParOldGen       total 108224K, used 55611K [0x00000000c1c00000, 0x00000000c85b0000, 0x00000000eb400000)
  object space 108224K, 51% used [0x00000000c1c00000,0x00000000c524ed90,0x00000000c85b0000)
 PSPermGen       total 21248K, used 9870K [0x00000000bca00000, 0x00000000bdec0000, 0x00000000c1c00000)
  object space 21248K, 46% used [0x00000000bca00000,0x00000000bd3a3ac0,0x00000000bdec0000)
Event: 4.585 GC heap after
Heap after GC invocations=7 (full 1):
 PSYoungGen      total 55936K, used 10648K [0x00000000eb400000, 0x00000000f1b20000, 0x0000000100000000)
  eden space 45248K, 0% used [0x00000000eb400000,0x00000000eb400000,0x00000000ee030000)
  from space 10688K, 99% used [0x00000000f10b0000,0x00000000f1b16018,0x00000000f1b20000)
  to   space 29120K, 0% used [0x00000000ee240000,0x00000000ee240000,0x00000000efeb0000)
 ParOldGen       total 108224K, used 55611K [0x00000000c1c00000, 0x00000000c85b0000, 0x00000000eb400000)
  object space 108224K, 51% used [0x00000000c1c00000,0x00000000c524ed90,0x00000000c85b0000)
 PSPermGen       total 21248K, used 9870K [0x00000000bca00000, 0x00000000bdec0000, 0x00000000c1c00000)
  object space 21248K, 46% used [0x00000000bca00000,0x00000000bd3a3ac0,0x00000000bdec0000)
}

