# JRE version: 7.0_17-b02
# Java VM: Java HotSpot(TM) 64-Bit Server VM (23.7-b01 mixed mode windows-amd64 compressed oops)
Heap
 PSYoungGen      total 77056K, used 41018K [0x00000000eb400000, 0x00000000f2da0000, 0x0000000100000000)
  eden space 48128K, 38% used [0x00000000eb400000,0x00000000ec602d48,0x00000000ee300000)
  from space 28928K, 78% used [0x00000000ee300000,0x00000000ef90bae8,0x00000000eff40000)
  to   space 31232K, 0% used [0x00000000f0f20000,0x00000000f0f20000,0x00000000f2da0000)
 ParOldGen       total 107712K, used 55254K [0x00000000c1c00000, 0x00000000c8530000, 0x00000000eb400000)
  object space 107712K, 51% used [0x00000000c1c00000,0x00000000c51f5bc8,0x00000000c8530000)
 PSPermGen       total 21248K, used 10015K [0x00000000bca00000, 0x00000000bdec0000, 0x00000000c1c00000)
  object space 21248K, 47% used [0x00000000bca00000,0x00000000bd3c7f58,0x00000000bdec0000)
GC Heap History (10 events):
Event: 1.914 GC heap before
{Heap before GC invocations=4 (full 0):
 PSYoungGen      total 18624K, used 18610K [0x00000000eb400000, 0x00000000ed860000, 0x0000000100000000)
  eden space 16000K, 100% used [0x00000000eb400000,0x00000000ec3a0000,0x00000000ec3a0000)
  from space 2624K, 99% used [0x00000000ec3a0000,0x00000000ec62cb88,0x00000000ec630000)
  to   space 2624K, 0% used [0x00000000ed5d0000,0x00000000ed5d0000,0x00000000ed860000)
 ParOldGen       total 42496K, used 16554K [0x00000000c1c00000, 0x00000000c4580000, 0x00000000eb400000)
  object space 42496K, 38% used [0x00000000c1c00000,0x00000000c2c2a828,0x00000000c4580000)
 PSPermGen       total 21248K, used 8771K [0x00000000bca00000, 0x00000000bdec0000, 0x00000000c1c00000)
  object space 21248K, 41% used [0x00000000bca00000,0x00000000bd290e38,0x00000000bdec0000)
Event: 1.930 GC heap after
Heap after GC invocations=4 (full 0):
 PSYoungGen      total 34624K, used 2593K [0x00000000eb400000, 0x00000000ed860000, 0x0000000100000000)
  eden space 32000K, 0% used [0x00000000eb400000,0x00000000eb400000,0x00000000ed340000)
  from space 2624K, 98% used [0x00000000ed5d0000,0x00000000ed858758,0x00000000ed860000)
  to   space 2624K, 0% used [0x00000000ed340000,0x00000000ed340000,0x00000000ed5d0000)
 ParOldGen       total 42496K, used 25910K [0x00000000c1c00000, 0x00000000c4580000, 0x00000000eb400000)
  object space 42496K, 60% used [0x00000000c1c00000,0x00000000c354da68,0x00000000c4580000)
 PSPermGen       total 21248K, used 8771K [0x00000000bca00000, 0x00000000bdec0000, 0x00000000c1c00000)
  object space 21248K, 41% used [0x00000000bca00000,0x00000000bd290e38,0x00000000bdec0000)
}
Event: 2.001 GC heap before
{Heap before GC invocations=5 (full 0):
 PSYoungGen      total 34624K, used 34548K [0x00000000eb400000, 0x00000000ed860000, 0x0000000100000000)
  eden space 32000K, 99% used [0x00000000eb400000,0x00000000ed334b58,0x00000000ed340000)
  from space 2624K, 98% used [0x00000000ed5d0000,0x00000000ed858758,0x00000000ed860000)
  to   space 2624K, 0% used [0x00000000ed340000,0x00000000ed340000,0x00000000ed5d0000)
 ParOldGen       total 42496K, used 25910K [0x00000000c1c00000, 0x00000000c4580000, 0x00000000eb400000)
  object space 42496K, 60% used [0x00000000c1c00000,0x00000000c354da68,0x00000000c4580000)
 PSPermGen       total 21248K, used 8771K [0x00000000bca00000, 0x00000000bdec0000, 0x00000000c1c00000)
  object space 21248K, 41% used [0x00000000bca00000,0x00000000bd290e38,0x00000000bdec0000)
Event: 2.036 GC heap after
Heap after GC invocations=5 (full 0):
 PSYoungGen      total 34624K, used 2593K [0x00000000eb400000, 0x00000000f2ec0000, 0x0000000100000000)
  eden space 32000K, 0% used [0x00000000eb400000,0x00000000eb400000,0x00000000ed340000)
  from space 2624K, 98% used [0x00000000ed340000,0x00000000ed5c8758,0x00000000ed5d0000)
  to   space 30848K, 0% used [0x00000000f10a0000,0x00000000f10a0000,0x00000000f2ec0000)
 ParOldGen       total 57856K, used 57847K [0x00000000c1c00000, 0x00000000c5480000, 0x00000000eb400000)
  object space 57856K, 99% used [0x00000000c1c00000,0x00000000c547dde8,0x00000000c5480000)
 PSPermGen       total 21248K, used 8771K [0x00000000bca00000, 0x00000000bdec0000, 0x00000000c1c00000)
  object space 21248K, 41% used [0x00000000bca00000,0x00000000bd290e38,0x00000000bdec0000)
}
Event: 2.037 GC heap before
{Heap before GC invocations=6 (full 1):
 PSYoungGen      total 34624K, used 2593K [0x00000000eb400000, 0x00000000f2ec0000, 0x0000000100000000)
  eden space 32000K, 0% used [0x00000000eb400000,0x00000000eb400000,0x00000000ed340000)
  from space 2624K, 98% used [0x00000000ed340000,0x00000000ed5c8758,0x00000000ed5d0000)
  to   space 30848K, 0% used [0x00000000f10a0000,0x00000000f10a0000,0x00000000f2ec0000)
 ParOldGen       total 57856K, used 57847K [0x00000000c1c00000, 0x00000000c5480000, 0x00000000eb400000)
  object space 57856K, 99% used [0x00000000c1c00000,0x00000000c547dde8,0x00000000c5480000)
 PSPermGen       total 21248K, used 8771K [0x00000000bca00000, 0x00000000bdec0000, 0x00000000c1c00000)
  object space 21248K, 41% used [0x00000000bca00000,0x00000000bd290e38,0x00000000bdec0000)
Event: 2.294 GC heap after
Heap after GC invocations=6 (full 1):
 PSYoungGen      total 34624K, used 0K [0x00000000eb400000, 0x00000000f2ec0000, 0x0000000100000000)
  eden space 32000K, 0% used [0x00000000eb400000,0x00000000eb400000,0x00000000ed340000)
  from space 2624K, 0% used [0x00000000ed340000,0x00000000ed340000,0x00000000ed5d0000)
  to   space 30848K, 0% used [0x00000000f10a0000,0x00000000f10a0000,0x00000000f2ec0000)
 ParOldGen       total 107712K, used 55254K [0x00000000c1c00000, 0x00000000c8530000, 0x00000000eb400000)
  object space 107712K, 51% used [0x00000000c1c00000,0x00000000c51f5bc8,0x00000000c8530000)
 PSPermGen       total 21248K, used 8769K [0x00000000bca00000, 0x00000000bdec0000, 0x00000000c1c00000)
  object space 21248K, 41% used [0x00000000bca00000,0x00000000bd290418,0x00000000bdec0000)
}
Event: 4.496 GC heap before
{Heap before GC invocations=7 (full 1):
 PSYoungGen      total 34624K, used 31991K [0x00000000eb400000, 0x00000000f2ec0000, 0x0000000100000000)
  eden space 32000K, 99% used [0x00000000eb400000,0x00000000ed33dcf8,0x00000000ed340000)
  from space 2624K, 0% used [0x00000000ed340000,0x00000000ed340000,0x00000000ed5d0000)
  to   space 30848K, 0% used [0x00000000f10a0000,0x00000000f10a0000,0x00000000f2ec0000)
 ParOldGen       total 107712K, used 55254K [0x00000000c1c00000, 0x00000000c8530000, 0x00000000eb400000)
  object space 107712K, 51% used [0x00000000c1c00000,0x00000000c51f5bc8,0x00000000c8530000)
 PSPermGen       total 21248K, used 9875K [0x00000000bca00000, 0x00000000bdec0000, 0x00000000c1c00000)
  object space 21248K, 46% used [0x00000000bca00000,0x00000000bd3a4f70,0x00000000bdec0000)
Event: 4.510 GC heap after
Heap after GC invocations=7 (full 1):
 PSYoungGen      total 56704K, used 11073K [0x00000000eb400000, 0x00000000f1b80000, 0x0000000100000000)
  eden space 45568K, 0% used [0x00000000eb400000,0x00000000eb400000,0x00000000ee080000)
  from space 11136K, 99% used [0x00000000f10a0000,0x00000000f1b70538,0x00000000f1b80000)
  to   space 28928K, 0% used [0x00000000ee300000,0x00000000ee300000,0x00000000eff40000)
 ParOldGen       total 107712K, used 55254K [0x00000000c1c00000, 0x00000000c8530000, 0x00000000eb400000)
  object space 107712K, 51% used [0x00000000c1c00000,0x00000000c51f5bc8,0x00000000c8530000)
 PSPermGen       total 21248K, used 9875K [0x00000000bca00000, 0x00000000bdec0000, 0x00000000c1c00000)
  object space 21248K, 46% used [0x00000000bca00000,0x00000000bd3a4f70,0x00000000bdec0000)
}
Event: 9.050 GC heap before
{Heap before GC invocations=8 (full 1):
 PSYoungGen      total 56704K, used 56641K [0x00000000eb400000, 0x00000000f1b80000, 0x0000000100000000)
  eden space 45568K, 100% used [0x00000000eb400000,0x00000000ee080000,0x00000000ee080000)
  from space 11136K, 99% used [0x00000000f10a0000,0x00000000f1b70538,0x00000000f1b80000)
  to   space 28928K, 0% used [0x00000000ee300000,0x00000000ee300000,0x00000000eff40000)
 ParOldGen       total 107712K, used 55254K [0x00000000c1c00000, 0x00000000c8530000, 0x00000000eb400000)
  object space 107712K, 51% used [0x00000000c1c00000,0x00000000c51f5bc8,0x00000000c8530000)
 PSPermGen       total 21248K, used 9963K [0x00000000bca00000, 0x00000000bdec0000, 0x00000000c1c00000)
  object space 21248K, 46% used [0x00000000bca00000,0x00000000bd3bae10,0x00000000bdec0000)
Event: 9.087 GC heap after
Heap after GC invocations=8 (full 1):
 PSYoungGen      total 77056K, used 22574K [0x00000000eb400000, 0x00000000f2da0000, 0x0000000100000000)
  eden space 48128K, 0% used [0x00000000eb400000,0x00000000eb400000,0x00000000ee300000)
  from space 28928K, 78% used [0x00000000ee300000,0x00000000ef90bae8,0x00000000eff40000)
  to   space 31232K, 0% used [0x00000000f0f20000,0x00000000f0f20000,0x00000000f2da0000)
 ParOldGen       total 107712K, used 55254K [0x00000000c1c00000, 0x00000000c8530000, 0x00000000eb400000)
  object space 107712K, 51% used [0x00000000c1c00000,0x00000000c51f5bc8,0x00000000c8530000)
 PSPermGen       total 21248K, used 9963K [0x00000000bca00000, 0x00000000bdec0000, 0x00000000c1c00000)
  object space 21248K, 46% used [0x00000000bca00000,0x00000000bd3bae10,0x00000000bdec0000)
}

