# JRE version: 7.0_17-b02
# Java VM: Java HotSpot(TM) 64-Bit Server VM (23.7-b01 mixed mode windows-amd64 compressed oops)
Heap
 PSYoungGen      total 139968K, used 125119K [0x00000000eb400000, 0x00000000f4b20000, 0x0000000100000000)
  eden space 125952K, 99% used [0x00000000eb400000,0x00000000f2e2ff60,0x00000000f2f00000)
  from space 14016K, 0% used [0x00000000f3cf0000,0x00000000f3cf0000,0x00000000f4aa0000)
  to   space 14272K, 0% used [0x00000000f2f00000,0x00000000f2f00000,0x00000000f3cf0000)
 ParOldGen       total 55360K, used 24853K [0x00000000c1c00000, 0x00000000c5210000, 0x00000000eb400000)
  object space 55360K, 44% used [0x00000000c1c00000,0x00000000c3445418,0x00000000c5210000)
 PSPermGen       total 21248K, used 9356K [0x00000000bca00000, 0x00000000bdec0000, 0x00000000c1c00000)
  object space 21248K, 44% used [0x00000000bca00000,0x00000000bd323070,0x00000000bdec0000)
GC Heap History (10 events):
Event: 4.366 GC heap before
{Heap before GC invocations=5 (full 0):
 PSYoungGen      total 34624K, used 34608K [0x00000000eb400000, 0x00000000ed860000, 0x0000000100000000)
  eden space 32000K, 100% used [0x00000000eb400000,0x00000000ed340000,0x00000000ed340000)
  from space 2624K, 99% used [0x00000000ed5d0000,0x00000000ed85c268,0x00000000ed860000)
  to   space 2624K, 0% used [0x00000000ed340000,0x00000000ed340000,0x00000000ed5d0000)
 ParOldGen       total 42496K, used 25103K [0x00000000c1c00000, 0x00000000c4580000, 0x00000000eb400000)
  object space 42496K, 59% used [0x00000000c1c00000,0x00000000c3483fe0,0x00000000c4580000)
 PSPermGen       total 21248K, used 9201K [0x00000000bca00000, 0x00000000bdec0000, 0x00000000c1c00000)
  object space 21248K, 43% used [0x00000000bca00000,0x00000000bd2fc548,0x00000000bdec0000)
Event: 4.380 GC heap after
Heap after GC invocations=5 (full 0):
 PSYoungGen      total 34624K, used 2612K [0x00000000eb400000, 0x00000000f0b20000, 0x0000000100000000)
  eden space 32000K, 0% used [0x00000000eb400000,0x00000000eb400000,0x00000000ed340000)
  from space 2624K, 99% used [0x00000000ed340000,0x00000000ed5cd228,0x00000000ed5d0000)
  to   space 12608K, 0% used [0x00000000efed0000,0x00000000efed0000,0x00000000f0b20000)
 ParOldGen       total 42496K, used 31590K [0x00000000c1c00000, 0x00000000c4580000, 0x00000000eb400000)
  object space 42496K, 74% used [0x00000000c1c00000,0x00000000c3ad9970,0x00000000c4580000)
 PSPermGen       total 21248K, used 9201K [0x00000000bca00000, 0x00000000bdec0000, 0x00000000c1c00000)
  object space 21248K, 43% used [0x00000000bca00000,0x00000000bd2fc548,0x00000000bdec0000)
}
Event: 9.879 GC heap before
{Heap before GC invocations=6 (full 0):
 PSYoungGen      total 34624K, used 34612K [0x00000000eb400000, 0x00000000f0b20000, 0x0000000100000000)
  eden space 32000K, 100% used [0x00000000eb400000,0x00000000ed340000,0x00000000ed340000)
  from space 2624K, 99% used [0x00000000ed340000,0x00000000ed5cd228,0x00000000ed5d0000)
  to   space 12608K, 0% used [0x00000000efed0000,0x00000000efed0000,0x00000000f0b20000)
 ParOldGen       total 42496K, used 31590K [0x00000000c1c00000, 0x00000000c4580000, 0x00000000eb400000)
  object space 42496K, 74% used [0x00000000c1c00000,0x00000000c3ad9970,0x00000000c4580000)
 PSPermGen       total 21248K, used 9235K [0x00000000bca00000, 0x00000000bdec0000, 0x00000000c1c00000)
  object space 21248K, 43% used [0x00000000bca00000,0x00000000bd304db0,0x00000000bdec0000)
Event: 9.887 GC heap after
Heap after GC invocations=6 (full 0):
 PSYoungGen      total 75712K, used 2644K [0x00000000eb400000, 0x00000000f0ce0000, 0x0000000100000000)
  eden space 63104K, 0% used [0x00000000eb400000,0x00000000eb400000,0x00000000ef1a0000)
  from space 12608K, 20% used [0x00000000efed0000,0x00000000f0165228,0x00000000f0b20000)
  to   space 13504K, 0% used [0x00000000ef1a0000,0x00000000ef1a0000,0x00000000efed0000)
 ParOldGen       total 42496K, used 31590K [0x00000000c1c00000, 0x00000000c4580000, 0x00000000eb400000)
  object space 42496K, 74% used [0x00000000c1c00000,0x00000000c3ad9970,0x00000000c4580000)
 PSPermGen       total 21248K, used 9235K [0x00000000bca00000, 0x00000000bdec0000, 0x00000000c1c00000)
  object space 21248K, 43% used [0x00000000bca00000,0x00000000bd304db0,0x00000000bdec0000)
}
Event: 20.464 GC heap before
{Heap before GC invocations=7 (full 0):
 PSYoungGen      total 75712K, used 65748K [0x00000000eb400000, 0x00000000f0ce0000, 0x0000000100000000)
  eden space 63104K, 100% used [0x00000000eb400000,0x00000000ef1a0000,0x00000000ef1a0000)
  from space 12608K, 20% used [0x00000000efed0000,0x00000000f0165228,0x00000000f0b20000)
  to   space 13504K, 0% used [0x00000000ef1a0000,0x00000000ef1a0000,0x00000000efed0000)
 ParOldGen       total 42496K, used 31590K [0x00000000c1c00000, 0x00000000c4580000, 0x00000000eb400000)
  object space 42496K, 74% used [0x00000000c1c00000,0x00000000c3ad9970,0x00000000c4580000)
 PSPermGen       total 21248K, used 9283K [0x00000000bca00000, 0x00000000bdec0000, 0x00000000c1c00000)
  object space 21248K, 43% used [0x00000000bca00000,0x00000000bd310f58,0x00000000bdec0000)
Event: 20.472 GC heap after
Heap after GC invocations=7 (full 0):
 PSYoungGen      total 76608K, used 2227K [0x00000000eb400000, 0x00000000f4aa0000, 0x0000000100000000)
  eden space 63104K, 0% used [0x00000000eb400000,0x00000000eb400000,0x00000000ef1a0000)
  from space 13504K, 16% used [0x00000000ef1a0000,0x00000000ef3ccf80,0x00000000efed0000)
  to   space 14016K, 0% used [0x00000000f3cf0000,0x00000000f3cf0000,0x00000000f4aa0000)
 ParOldGen       total 42496K, used 32413K [0x00000000c1c00000, 0x00000000c4580000, 0x00000000eb400000)
  object space 42496K, 76% used [0x00000000c1c00000,0x00000000c3ba7448,0x00000000c4580000)
 PSPermGen       total 21248K, used 9283K [0x00000000bca00000, 0x00000000bdec0000, 0x00000000c1c00000)
  object space 21248K, 43% used [0x00000000bca00000,0x00000000bd310f58,0x00000000bdec0000)
}
Event: 31.486 GC heap before
{Heap before GC invocations=8 (full 0):
 PSYoungGen      total 76608K, used 65331K [0x00000000eb400000, 0x00000000f4aa0000, 0x0000000100000000)
  eden space 63104K, 100% used [0x00000000eb400000,0x00000000ef1a0000,0x00000000ef1a0000)
  from space 13504K, 16% used [0x00000000ef1a0000,0x00000000ef3ccf80,0x00000000efed0000)
  to   space 14016K, 0% used [0x00000000f3cf0000,0x00000000f3cf0000,0x00000000f4aa0000)
 ParOldGen       total 42496K, used 32413K [0x00000000c1c00000, 0x00000000c4580000, 0x00000000eb400000)
  object space 42496K, 76% used [0x00000000c1c00000,0x00000000c3ba7448,0x00000000c4580000)
 PSPermGen       total 21248K, used 9313K [0x00000000bca00000, 0x00000000bdec0000, 0x00000000c1c00000)
  object space 21248K, 43% used [0x00000000bca00000,0x00000000bd318528,0x00000000bdec0000)
Event: 31.490 GC heap after
Heap after GC invocations=8 (full 0):
 PSYoungGen      total 139968K, used 1523K [0x00000000eb400000, 0x00000000f4b20000, 0x0000000100000000)
  eden space 125952K, 0% used [0x00000000eb400000,0x00000000eb400000,0x00000000f2f00000)
  from space 14016K, 10% used [0x00000000f3cf0000,0x00000000f3e6cf80,0x00000000f4aa0000)
  to   space 14272K, 0% used [0x00000000f2f00000,0x00000000f2f00000,0x00000000f3cf0000)
 ParOldGen       total 42496K, used 33254K [0x00000000c1c00000, 0x00000000c4580000, 0x00000000eb400000)
  object space 42496K, 78% used [0x00000000c1c00000,0x00000000c3c79908,0x00000000c4580000)
 PSPermGen       total 21248K, used 9313K [0x00000000bca00000, 0x00000000bdec0000, 0x00000000c1c00000)
  object space 21248K, 43% used [0x00000000bca00000,0x00000000bd318528,0x00000000bdec0000)
}
Event: 31.490 GC heap before
{Heap before GC invocations=9 (full 1):
 PSYoungGen      total 139968K, used 1523K [0x00000000eb400000, 0x00000000f4b20000, 0x0000000100000000)
  eden space 125952K, 0% used [0x00000000eb400000,0x00000000eb400000,0x00000000f2f00000)
  from space 14016K, 10% used [0x00000000f3cf0000,0x00000000f3e6cf80,0x00000000f4aa0000)
  to   space 14272K, 0% used [0x00000000f2f00000,0x00000000f2f00000,0x00000000f3cf0000)
 ParOldGen       total 42496K, used 33254K [0x00000000c1c00000, 0x00000000c4580000, 0x00000000eb400000)
  object space 42496K, 78% used [0x00000000c1c00000,0x00000000c3c79908,0x00000000c4580000)
 PSPermGen       total 21248K, used 9313K [0x00000000bca00000, 0x00000000bdec0000, 0x00000000c1c00000)
  object space 21248K, 43% used [0x00000000bca00000,0x00000000bd318528,0x00000000bdec0000)
Event: 31.650 GC heap after
Heap after GC invocations=9 (full 1):
 PSYoungGen      total 139968K, used 0K [0x00000000eb400000, 0x00000000f4b20000, 0x0000000100000000)
  eden space 125952K, 0% used [0x00000000eb400000,0x00000000eb400000,0x00000000f2f00000)
  from space 14016K, 0% used [0x00000000f3cf0000,0x00000000f3cf0000,0x00000000f4aa0000)
  to   space 14272K, 0% used [0x00000000f2f00000,0x00000000f2f00000,0x00000000f3cf0000)
 ParOldGen       total 55360K, used 24853K [0x00000000c1c00000, 0x00000000c5210000, 0x00000000eb400000)
  object space 55360K, 44% used [0x00000000c1c00000,0x00000000c3445418,0x00000000c5210000)
 PSPermGen       total 21248K, used 9309K [0x00000000bca00000, 0x00000000bdec0000, 0x00000000c1c00000)
  object space 21248K, 43% used [0x00000000bca00000,0x00000000bd317748,0x00000000bdec0000)
}

