# JRE version: 7.0_17-b02
# Java VM: Java HotSpot(TM) 64-Bit Server VM (23.7-b01 mixed mode windows-amd64 compressed oops)
Heap
 PSYoungGen      total 95616K, used 35823K [0x00000000eb400000, 0x00000000f47e0000, 0x0000000100000000)
  eden space 67200K, 11% used [0x00000000eb400000,0x00000000ebb3f590,0x00000000ef5a0000)
  from space 28416K, 99% used [0x00000000f2c20000,0x00000000f47dc6b0,0x00000000f47e0000)
  to   space 34496K, 0% used [0x00000000f0480000,0x00000000f0480000,0x00000000f2630000)
 ParOldGen       total 122048K, used 62973K [0x00000000c1c00000, 0x00000000c9330000, 0x00000000eb400000)
  object space 122048K, 51% used [0x00000000c1c00000,0x00000000c597f5a8,0x00000000c9330000)
 PSPermGen       total 21248K, used 9319K [0x00000000bca00000, 0x00000000bdec0000, 0x00000000c1c00000)
  object space 21248K, 43% used [0x00000000bca00000,0x00000000bd319d20,0x00000000bdec0000)
GC Heap History (10 events):
Event: 6.605 GC heap before
{Heap before GC invocations=6 (full 0):
 PSYoungGen      total 34624K, used 34601K [0x00000000eb400000, 0x00000000f0b80000, 0x0000000100000000)
  eden space 32000K, 100% used [0x00000000eb400000,0x00000000ed340000,0x00000000ed340000)
  from space 2624K, 99% used [0x00000000ed340000,0x00000000ed5ca768,0x00000000ed5d0000)
  to   space 12800K, 0% used [0x00000000eff00000,0x00000000eff00000,0x00000000f0b80000)
 ParOldGen       total 42496K, used 31743K [0x00000000c1c00000, 0x00000000c4580000, 0x00000000eb400000)
  object space 42496K, 74% used [0x00000000c1c00000,0x00000000c3affdc8,0x00000000c4580000)
 PSPermGen       total 21248K, used 9254K [0x00000000bca00000, 0x00000000bdec0000, 0x00000000c1c00000)
  object space 21248K, 43% used [0x00000000bca00000,0x00000000bd3099e0,0x00000000bdec0000)
Event: 6.641 GC heap after
Heap after GC invocations=6 (full 0):
 PSYoungGen      total 71680K, used 12774K [0x00000000eb400000, 0x00000000f1580000, 0x0000000100000000)
  eden space 58880K, 0% used [0x00000000eb400000,0x00000000eb400000,0x00000000eed80000)
  from space 12800K, 99% used [0x00000000eff00000,0x00000000f0b79b80,0x00000000f0b80000)
  to   space 17920K, 0% used [0x00000000eed80000,0x00000000eed80000,0x00000000eff00000)
 ParOldGen       total 42496K, used 38098K [0x00000000c1c00000, 0x00000000c4580000, 0x00000000eb400000)
  object space 42496K, 89% used [0x00000000c1c00000,0x00000000c41348e0,0x00000000c4580000)
 PSPermGen       total 21248K, used 9254K [0x00000000bca00000, 0x00000000bdec0000, 0x00000000c1c00000)
  object space 21248K, 43% used [0x00000000bca00000,0x00000000bd3099e0,0x00000000bdec0000)
}
Event: 6.641 GC heap before
{Heap before GC invocations=7 (full 1):
 PSYoungGen      total 71680K, used 12774K [0x00000000eb400000, 0x00000000f1580000, 0x0000000100000000)
  eden space 58880K, 0% used [0x00000000eb400000,0x00000000eb400000,0x00000000eed80000)
  from space 12800K, 99% used [0x00000000eff00000,0x00000000f0b79b80,0x00000000f0b80000)
  to   space 17920K, 0% used [0x00000000eed80000,0x00000000eed80000,0x00000000eff00000)
 ParOldGen       total 42496K, used 38098K [0x00000000c1c00000, 0x00000000c4580000, 0x00000000eb400000)
  object space 42496K, 89% used [0x00000000c1c00000,0x00000000c41348e0,0x00000000c4580000)
 PSPermGen       total 21248K, used 9254K [0x00000000bca00000, 0x00000000bdec0000, 0x00000000c1c00000)
  object space 21248K, 43% used [0x00000000bca00000,0x00000000bd3099e0,0x00000000bdec0000)
Event: 6.827 GC heap after
Heap after GC invocations=7 (full 1):
 PSYoungGen      total 71680K, used 0K [0x00000000eb400000, 0x00000000f1580000, 0x0000000100000000)
  eden space 58880K, 0% used [0x00000000eb400000,0x00000000eb400000,0x00000000eed80000)
  from space 12800K, 0% used [0x00000000eff00000,0x00000000eff00000,0x00000000f0b80000)
  to   space 17920K, 0% used [0x00000000eed80000,0x00000000eed80000,0x00000000eff00000)
 ParOldGen       total 62976K, used 29646K [0x00000000c1c00000, 0x00000000c5980000, 0x00000000eb400000)
  object space 62976K, 47% used [0x00000000c1c00000,0x00000000c38f38d8,0x00000000c5980000)
 PSPermGen       total 21248K, used 9251K [0x00000000bca00000, 0x00000000bdec0000, 0x00000000c1c00000)
  object space 21248K, 43% used [0x00000000bca00000,0x00000000bd308d00,0x00000000bdec0000)
}
Event: 7.217 GC heap before
{Heap before GC invocations=8 (full 1):
 PSYoungGen      total 71680K, used 58880K [0x00000000eb400000, 0x00000000f1580000, 0x0000000100000000)
  eden space 58880K, 100% used [0x00000000eb400000,0x00000000eed80000,0x00000000eed80000)
  from space 12800K, 0% used [0x00000000eff00000,0x00000000eff00000,0x00000000f0b80000)
  to   space 17920K, 0% used [0x00000000eed80000,0x00000000eed80000,0x00000000eff00000)
 ParOldGen       total 62976K, used 29646K [0x00000000c1c00000, 0x00000000c5980000, 0x00000000eb400000)
  object space 62976K, 47% used [0x00000000c1c00000,0x00000000c38f38d8,0x00000000c5980000)
 PSPermGen       total 21248K, used 9257K [0x00000000bca00000, 0x00000000bdec0000, 0x00000000c1c00000)
  object space 21248K, 43% used [0x00000000bca00000,0x00000000bd30a708,0x00000000bdec0000)
Event: 7.253 GC heap after
Heap after GC invocations=8 (full 1):
 PSYoungGen      total 76800K, used 17895K [0x00000000eb400000, 0x00000000f49a0000, 0x0000000100000000)
  eden space 58880K, 0% used [0x00000000eb400000,0x00000000eb400000,0x00000000eed80000)
  from space 17920K, 99% used [0x00000000eed80000,0x00000000efef9c38,0x00000000eff00000)
  to   space 30208K, 0% used [0x00000000f2c20000,0x00000000f2c20000,0x00000000f49a0000)
 ParOldGen       total 62976K, used 48934K [0x00000000c1c00000, 0x00000000c5980000, 0x00000000eb400000)
  object space 62976K, 77% used [0x00000000c1c00000,0x00000000c4bc98d8,0x00000000c5980000)
 PSPermGen       total 21248K, used 9257K [0x00000000bca00000, 0x00000000bdec0000, 0x00000000c1c00000)
  object space 21248K, 43% used [0x00000000bca00000,0x00000000bd30a708,0x00000000bdec0000)
}
Event: 7.253 GC heap before
{Heap before GC invocations=9 (full 2):
 PSYoungGen      total 76800K, used 17895K [0x00000000eb400000, 0x00000000f49a0000, 0x0000000100000000)
  eden space 58880K, 0% used [0x00000000eb400000,0x00000000eb400000,0x00000000eed80000)
  from space 17920K, 99% used [0x00000000eed80000,0x00000000efef9c38,0x00000000eff00000)
  to   space 30208K, 0% used [0x00000000f2c20000,0x00000000f2c20000,0x00000000f49a0000)
 ParOldGen       total 62976K, used 48934K [0x00000000c1c00000, 0x00000000c5980000, 0x00000000eb400000)
  object space 62976K, 77% used [0x00000000c1c00000,0x00000000c4bc98d8,0x00000000c5980000)
 PSPermGen       total 21248K, used 9257K [0x00000000bca00000, 0x00000000bdec0000, 0x00000000c1c00000)
  object space 21248K, 43% used [0x00000000bca00000,0x00000000bd30a708,0x00000000bdec0000)
Event: 7.462 GC heap after
Heap after GC invocations=9 (full 2):
 PSYoungGen      total 76800K, used 3146K [0x00000000eb400000, 0x00000000f49a0000, 0x0000000100000000)
  eden space 58880K, 0% used [0x00000000eb400000,0x00000000eb400000,0x00000000eed80000)
  from space 17920K, 17% used [0x00000000eed80000,0x00000000ef092928,0x00000000eff00000)
  to   space 30208K, 0% used [0x00000000f2c20000,0x00000000f2c20000,0x00000000f49a0000)
 ParOldGen       total 122048K, used 62973K [0x00000000c1c00000, 0x00000000c9330000, 0x00000000eb400000)
  object space 122048K, 51% used [0x00000000c1c00000,0x00000000c597f5a8,0x00000000c9330000)
 PSPermGen       total 21248K, used 9257K [0x00000000bca00000, 0x00000000bdec0000, 0x00000000c1c00000)
  object space 21248K, 43% used [0x00000000bca00000,0x00000000bd30a6e8,0x00000000bdec0000)
}
Event: 16.368 GC heap before
{Heap before GC invocations=10 (full 2):
 PSYoungGen      total 76800K, used 62026K [0x00000000eb400000, 0x00000000f49a0000, 0x0000000100000000)
  eden space 58880K, 100% used [0x00000000eb400000,0x00000000eed80000,0x00000000eed80000)
  from space 17920K, 17% used [0x00000000eed80000,0x00000000ef092928,0x00000000eff00000)
  to   space 30208K, 0% used [0x00000000f2c20000,0x00000000f2c20000,0x00000000f49a0000)
 ParOldGen       total 122048K, used 62973K [0x00000000c1c00000, 0x00000000c9330000, 0x00000000eb400000)
  object space 122048K, 51% used [0x00000000c1c00000,0x00000000c597f5a8,0x00000000c9330000)
 PSPermGen       total 21248K, used 9285K [0x00000000bca00000, 0x00000000bdec0000, 0x00000000c1c00000)
  object space 21248K, 43% used [0x00000000bca00000,0x00000000bd311618,0x00000000bdec0000)
Event: 16.418 GC heap after
Heap after GC invocations=10 (full 2):
 PSYoungGen      total 95616K, used 28401K [0x00000000eb400000, 0x00000000f47e0000, 0x0000000100000000)
  eden space 67200K, 0% used [0x00000000eb400000,0x00000000eb400000,0x00000000ef5a0000)
  from space 28416K, 99% used [0x00000000f2c20000,0x00000000f47dc6b0,0x00000000f47e0000)
  to   space 34496K, 0% used [0x00000000f0480000,0x00000000f0480000,0x00000000f2630000)
 ParOldGen       total 122048K, used 62973K [0x00000000c1c00000, 0x00000000c9330000, 0x00000000eb400000)
  object space 122048K, 51% used [0x00000000c1c00000,0x00000000c597f5a8,0x00000000c9330000)
 PSPermGen       total 21248K, used 9285K [0x00000000bca00000, 0x00000000bdec0000, 0x00000000c1c00000)
  object space 21248K, 43% used [0x00000000bca00000,0x00000000bd311618,0x00000000bdec0000)
}

