# JRE version: 7.0_17-b02
# Java VM: Java HotSpot(TM) 64-Bit Server VM (23.7-b01 mixed mode windows-amd64 compressed oops)
Heap
 PSYoungGen      total 78208K, used 22189K [0x00000000eb400000, 0x00000000f4cc0000, 0x0000000100000000)
  eden space 63808K, 31% used [0x00000000eb400000,0x00000000ec774140,0x00000000ef250000)
  from space 14400K, 15% used [0x00000000ef250000,0x00000000ef4872c0,0x00000000f0060000)
  to   space 14400K, 0% used [0x00000000f3eb0000,0x00000000f3eb0000,0x00000000f4cc0000)
 ParOldGen       total 42496K, used 26711K [0x00000000c1c00000, 0x00000000c4580000, 0x00000000eb400000)
  object space 42496K, 62% used [0x00000000c1c00000,0x00000000c3615ef8,0x00000000c4580000)
 PSPermGen       total 21248K, used 9361K [0x00000000bca00000, 0x00000000bdec0000, 0x00000000c1c00000)
  object space 21248K, 44% used [0x00000000bca00000,0x00000000bd324480,0x00000000bdec0000)
GC Heap History (10 events):
Event: 1.756 GC heap before
{Heap before GC invocations=3 (full 0):
 PSYoungGen      total 18624K, used 18592K [0x00000000eb400000, 0x00000000ed860000, 0x0000000100000000)
  eden space 16000K, 100% used [0x00000000eb400000,0x00000000ec3a0000,0x00000000ec3a0000)
  from space 2624K, 98% used [0x00000000ec630000,0x00000000ec8b8338,0x00000000ec8c0000)
  to   space 2624K, 0% used [0x00000000ec3a0000,0x00000000ec3a0000,0x00000000ec630000)
 ParOldGen       total 42496K, used 9373K [0x00000000c1c00000, 0x00000000c4580000, 0x00000000eb400000)
  object space 42496K, 22% used [0x00000000c1c00000,0x00000000c2527510,0x00000000c4580000)
 PSPermGen       total 21248K, used 8393K [0x00000000bca00000, 0x00000000bdec0000, 0x00000000c1c00000)
  object space 21248K, 39% used [0x00000000bca00000,0x00000000bd232520,0x00000000bdec0000)
Event: 1.770 GC heap after
Heap after GC invocations=3 (full 0):
 PSYoungGen      total 18624K, used 2613K [0x00000000eb400000, 0x00000000ed860000, 0x0000000100000000)
  eden space 16000K, 0% used [0x00000000eb400000,0x00000000eb400000,0x00000000ec3a0000)
  from space 2624K, 99% used [0x00000000ec3a0000,0x00000000ec62d4e0,0x00000000ec630000)
  to   space 2624K, 0% used [0x00000000ed5d0000,0x00000000ed5d0000,0x00000000ed860000)
 ParOldGen       total 42496K, used 19181K [0x00000000c1c00000, 0x00000000c4580000, 0x00000000eb400000)
  object space 42496K, 45% used [0x00000000c1c00000,0x00000000c2ebb520,0x00000000c4580000)
 PSPermGen       total 21248K, used 8393K [0x00000000bca00000, 0x00000000bdec0000, 0x00000000c1c00000)
  object space 21248K, 39% used [0x00000000bca00000,0x00000000bd232520,0x00000000bdec0000)
}
Event: 2.292 GC heap before
{Heap before GC invocations=4 (full 0):
 PSYoungGen      total 18624K, used 18613K [0x00000000eb400000, 0x00000000ed860000, 0x0000000100000000)
  eden space 16000K, 100% used [0x00000000eb400000,0x00000000ec3a0000,0x00000000ec3a0000)
  from space 2624K, 99% used [0x00000000ec3a0000,0x00000000ec62d4e0,0x00000000ec630000)
  to   space 2624K, 0% used [0x00000000ed5d0000,0x00000000ed5d0000,0x00000000ed860000)
 ParOldGen       total 42496K, used 19181K [0x00000000c1c00000, 0x00000000c4580000, 0x00000000eb400000)
  object space 42496K, 45% used [0x00000000c1c00000,0x00000000c2ebb520,0x00000000c4580000)
 PSPermGen       total 21248K, used 8733K [0x00000000bca00000, 0x00000000bdec0000, 0x00000000c1c00000)
  object space 21248K, 41% used [0x00000000bca00000,0x00000000bd287430,0x00000000bdec0000)
Event: 2.304 GC heap after
Heap after GC invocations=4 (full 0):
 PSYoungGen      total 34624K, used 2593K [0x00000000eb400000, 0x00000000ed860000, 0x0000000100000000)
  eden space 32000K, 0% used [0x00000000eb400000,0x00000000eb400000,0x00000000ed340000)
  from space 2624K, 98% used [0x00000000ed5d0000,0x00000000ed858758,0x00000000ed860000)
  to   space 2624K, 0% used [0x00000000ed340000,0x00000000ed340000,0x00000000ed5d0000)
 ParOldGen       total 42496K, used 21798K [0x00000000c1c00000, 0x00000000c4580000, 0x00000000eb400000)
  object space 42496K, 51% used [0x00000000c1c00000,0x00000000c3149a10,0x00000000c4580000)
 PSPermGen       total 21248K, used 8733K [0x00000000bca00000, 0x00000000bdec0000, 0x00000000c1c00000)
  object space 21248K, 41% used [0x00000000bca00000,0x00000000bd287430,0x00000000bdec0000)
}
Event: 12.771 GC heap before
{Heap before GC invocations=5 (full 0):
 PSYoungGen      total 34624K, used 34593K [0x00000000eb400000, 0x00000000ed860000, 0x0000000100000000)
  eden space 32000K, 100% used [0x00000000eb400000,0x00000000ed340000,0x00000000ed340000)
  from space 2624K, 98% used [0x00000000ed5d0000,0x00000000ed858758,0x00000000ed860000)
  to   space 2624K, 0% used [0x00000000ed340000,0x00000000ed340000,0x00000000ed5d0000)
 ParOldGen       total 42496K, used 21798K [0x00000000c1c00000, 0x00000000c4580000, 0x00000000eb400000)
  object space 42496K, 51% used [0x00000000c1c00000,0x00000000c3149a10,0x00000000c4580000)
 PSPermGen       total 21248K, used 9164K [0x00000000bca00000, 0x00000000bdec0000, 0x00000000c1c00000)
  object space 21248K, 43% used [0x00000000bca00000,0x00000000bd2f3300,0x00000000bdec0000)
Event: 12.788 GC heap after
Heap after GC invocations=5 (full 0):
 PSYoungGen      total 34624K, used 2599K [0x00000000eb400000, 0x00000000f0e40000, 0x0000000100000000)
  eden space 32000K, 0% used [0x00000000eb400000,0x00000000eb400000,0x00000000ed340000)
  from space 2624K, 99% used [0x00000000ed340000,0x00000000ed5c9e18,0x00000000ed5d0000)
  to   space 14208K, 0% used [0x00000000f0060000,0x00000000f0060000,0x00000000f0e40000)
 ParOldGen       total 42496K, used 25824K [0x00000000c1c00000, 0x00000000c4580000, 0x00000000eb400000)
  object space 42496K, 60% used [0x00000000c1c00000,0x00000000c3538080,0x00000000c4580000)
 PSPermGen       total 21248K, used 9164K [0x00000000bca00000, 0x00000000bdec0000, 0x00000000c1c00000)
  object space 21248K, 43% used [0x00000000bca00000,0x00000000bd2f3300,0x00000000bdec0000)
}
Event: 20.066 GC heap before
{Heap before GC invocations=6 (full 0):
 PSYoungGen      total 34624K, used 34599K [0x00000000eb400000, 0x00000000f0e40000, 0x0000000100000000)
  eden space 32000K, 100% used [0x00000000eb400000,0x00000000ed340000,0x00000000ed340000)
  from space 2624K, 99% used [0x00000000ed340000,0x00000000ed5c9e18,0x00000000ed5d0000)
  to   space 14208K, 0% used [0x00000000f0060000,0x00000000f0060000,0x00000000f0e40000)
 ParOldGen       total 42496K, used 25824K [0x00000000c1c00000, 0x00000000c4580000, 0x00000000eb400000)
  object space 42496K, 60% used [0x00000000c1c00000,0x00000000c3538080,0x00000000c4580000)
 PSPermGen       total 21248K, used 9187K [0x00000000bca00000, 0x00000000bdec0000, 0x00000000c1c00000)
  object space 21248K, 43% used [0x00000000bca00000,0x00000000bd2f8ff0,0x00000000bdec0000)
Event: 20.077 GC heap after
Heap after GC invocations=6 (full 0):
 PSYoungGen      total 78016K, used 2727K [0x00000000eb400000, 0x00000000f0ea0000, 0x0000000100000000)
  eden space 63808K, 0% used [0x00000000eb400000,0x00000000eb400000,0x00000000ef250000)
  from space 14208K, 19% used [0x00000000f0060000,0x00000000f0309f68,0x00000000f0e40000)
  to   space 14400K, 0% used [0x00000000ef250000,0x00000000ef250000,0x00000000f0060000)
 ParOldGen       total 42496K, used 25824K [0x00000000c1c00000, 0x00000000c4580000, 0x00000000eb400000)
  object space 42496K, 60% used [0x00000000c1c00000,0x00000000c3538080,0x00000000c4580000)
 PSPermGen       total 21248K, used 9187K [0x00000000bca00000, 0x00000000bdec0000, 0x00000000c1c00000)
  object space 21248K, 43% used [0x00000000bca00000,0x00000000bd2f8ff0,0x00000000bdec0000)
}
Event: 44.958 GC heap before
{Heap before GC invocations=7 (full 0):
 PSYoungGen      total 78016K, used 66535K [0x00000000eb400000, 0x00000000f0ea0000, 0x0000000100000000)
  eden space 63808K, 100% used [0x00000000eb400000,0x00000000ef250000,0x00000000ef250000)
  from space 14208K, 19% used [0x00000000f0060000,0x00000000f0309f68,0x00000000f0e40000)
  to   space 14400K, 0% used [0x00000000ef250000,0x00000000ef250000,0x00000000f0060000)
 ParOldGen       total 42496K, used 25824K [0x00000000c1c00000, 0x00000000c4580000, 0x00000000eb400000)
  object space 42496K, 60% used [0x00000000c1c00000,0x00000000c3538080,0x00000000c4580000)
 PSPermGen       total 21248K, used 9281K [0x00000000bca00000, 0x00000000bdec0000, 0x00000000c1c00000)
  object space 21248K, 43% used [0x00000000bca00000,0x00000000bd310430,0x00000000bdec0000)
Event: 44.967 GC heap after
Heap after GC invocations=7 (full 0):
 PSYoungGen      total 78208K, used 2268K [0x00000000eb400000, 0x00000000f4cc0000, 0x0000000100000000)
  eden space 63808K, 0% used [0x00000000eb400000,0x00000000eb400000,0x00000000ef250000)
  from space 14400K, 15% used [0x00000000ef250000,0x00000000ef4872c0,0x00000000f0060000)
  to   space 14400K, 0% used [0x00000000f3eb0000,0x00000000f3eb0000,0x00000000f4cc0000)
 ParOldGen       total 42496K, used 26711K [0x00000000c1c00000, 0x00000000c4580000, 0x00000000eb400000)
  object space 42496K, 62% used [0x00000000c1c00000,0x00000000c3615ef8,0x00000000c4580000)
 PSPermGen       total 21248K, used 9281K [0x00000000bca00000, 0x00000000bdec0000, 0x00000000c1c00000)
  object space 21248K, 43% used [0x00000000bca00000,0x00000000bd310430,0x00000000bdec0000)
}

